<?xml version="1.0" encoding="UTF-8"?>
<!-- Generated by org.testng.reporters.JUnitReportReporter -->
<testsuite hostname="TechBodhi" name="basicAnnotations.Testing1" tests="2" failures="0" timestamp="3 Mar 2019 07:13:17 GMT" time="0.012" errors="0">
  <testcase name="test2" time="0.007" classname="basicAnnotations.Testing1"/>
  <testcase name="test1" time="0.005" classname="basicAnnotations.Testing1"/>
</testsuite> <!-- basicAnnotations.Testing1 -->
