<?xml version="1.0" encoding="UTF-8"?>
<!-- Generated by org.testng.reporters.JUnitReportReporter -->
<testsuite hostname="TechBodhi" name="basicAnnotations.Testing2" tests="2" failures="0" timestamp="3 Mar 2019 07:13:17 GMT" time="0.023" errors="0">
  <testcase name="test1" time="0.016" classname="basicAnnotations.Testing2"/>
  <testcase name="test2" time="0.007" classname="basicAnnotations.Testing2"/>
</testsuite> <!-- basicAnnotations.Testing2 -->
